<?xml version="1.0" encoding="UTF-8"?>
<!-- Generated by org.testng.reporters.JUnitXMLReporter -->
<testsuite hostname="Krishnavenis-MacBook-Air.local" ignored="2" name="Tsuites" tests="19" failures="0" timestamp="2021-11-25T09:07:21 IST" time="122.993" errors="0">
  <testcase name="validateAboutPage" time="4.563" classname="TSuites.SiteMap_Common"/>
  <testcase name="validateHomePage" time="3.067" classname="TSuites.SiteMap_Common"/>
  <testcase name="validateContactPage" time="2.191" classname="TSuites.SiteMap_Common"/>
  <testcase name="validateViewProducts" time="6.363" classname="TSuites.SiteMap_Common"/>
  <testcase name="validateAntipyreticsViewProducts" time="9.323" classname="TSuites.SiteMap_Common"/>
  <testcase name="validateAnalgesicsViewProducts" time="9.285" classname="TSuites.SiteMap_Common"/>
  <testcase name="validateAntibioticsViewProducts" time="9.284" classname="TSuites.SiteMap_Common"/>
  <testcase name="validateSignupPage" time="2.262" classname="TSuites.SiteMap_Common"/>
  <testcase name="validateLoginPage" time="3.432" classname="TSuites.SiteMap_Common"/>
  <testcase name="InValidUserLoginCheck" time="4.78" classname="TSuites.Shopping"/>
  <testcase name="InValidPasswordLoginCheck" time="4.632" classname="TSuites.Shopping"/>
  <testcase name="ValidUserLoginCheck" time="4.886" classname="TSuites.Shopping"/>
  <testcase name="ViewProductList" time="4.417" classname="TSuites.Shopping"/>
  <testcase name="MedAddCart" time="11.827" classname="TSuites.Shopping"/>
  <testcase name="checkCart" time="9.333" classname="TSuites.Shopping"/>
  <testcase name="selectShipping" time="9.497" classname="TSuites.Shopping"/>
  <testcase name="orderConfirm" time="7.233" classname="TSuites.Shopping"/>
  <testcase name="userLogOutClick" time="4.112" classname="TSuites.Shopping"/>
  <testcase name="userLogOutConfirm" time="4.052" classname="TSuites.Shopping"/>
  <testcase name="@AfterTest TearDown" time="0.0" classname="TSuites.Base">
    <ignored/>
  </testcase> <!-- @AfterTest TearDown -->
  <testcase name="@BeforeTest setup" time="0.0" classname="TSuites.Base">
    <ignored/>
  </testcase> <!-- @BeforeTest setup -->
</testsuite> <!-- Tsuites -->
