<?xml version="1.0" encoding="UTF-8"?>
<!-- Generated by org.testng.reporters.JUnitXMLReporter -->
<testsuite hostname="Krishnavenis-MacBook-Air.local" ignored="4" name="Tsuites" tests="26" failures="0" timestamp="2021-11-25T14:24:10 IST" time="158.189" errors="0">
  <testcase name="validateAboutPage" time="4.528" classname="TSuites.SiteMap_Common"/>
  <testcase name="validateHomePage" time="3.065" classname="TSuites.SiteMap_Common"/>
  <testcase name="validateContactPage" time="2.154" classname="TSuites.SiteMap_Common"/>
  <testcase name="validateViewProducts" time="6.39" classname="TSuites.SiteMap_Common"/>
  <testcase name="validateAntipyreticsViewProducts" time="9.278" classname="TSuites.SiteMap_Common"/>
  <testcase name="validateAnalgesicsViewProducts" time="9.212" classname="TSuites.SiteMap_Common"/>
  <testcase name="validateAntibioticsViewProducts" time="9.227" classname="TSuites.SiteMap_Common"/>
  <testcase name="validateSignupPage" time="2.271" classname="TSuites.SiteMap_Common"/>
  <testcase name="validateLoginPage" time="3.408" classname="TSuites.SiteMap_Common"/>
  <testcase name="InValidUserLoginCheck" time="4.671" classname="TSuites.Shopping"/>
  <testcase name="InValidPasswordLoginCheck" time="4.614" classname="TSuites.Shopping"/>
  <testcase name="ValidUserLoginCheck" time="5.192" classname="TSuites.Shopping"/>
  <testcase name="ViewProductList" time="4.367" classname="TSuites.Shopping"/>
  <testcase name="MedAddCart" time="11.758" classname="TSuites.Shopping"/>
  <testcase name="checkCart" time="11.361" classname="TSuites.Shopping"/>
  <testcase name="selectShipping" time="9.435" classname="TSuites.Shopping"/>
  <testcase name="orderConfirm" time="7.224" classname="TSuites.Shopping"/>
  <testcase name="userLogOutClick" time="4.062" classname="TSuites.Shopping"/>
  <testcase name="userLogOutConfirm" time="4.044" classname="TSuites.Shopping"/>
  <testcase name="ValidAdminUserLoginCheck" time="4.433" classname="TSuites.AdminActions"/>
  <testcase name="ManageProductsPageConfirm" time="4.365" classname="TSuites.AdminActions"/>
  <testcase name="AddMedicine" time="5.636" classname="TSuites.AdminActions"/>
  <testcase name="EditMedQty" time="7.542" classname="TSuites.AdminActions"/>
  <testcase name="EditedMedQty" time="4.261" classname="TSuites.AdminActions"/>
  <testcase name="userLogOutClick" time="4.043" classname="TSuites.AdminActions"/>
  <testcase name="userLogOutConfirm" time="4.046" classname="TSuites.AdminActions"/>
  <testcase name="@AfterTest TearDown" time="0.0" classname="TSuites.Base">
    <ignored/>
  </testcase> <!-- @AfterTest TearDown -->
  <testcase name="@AfterTest TearDown" time="0.0" classname="TSuites.Base">
    <ignored/>
  </testcase> <!-- @AfterTest TearDown -->
  <testcase name="@BeforeTest setup" time="0.0" classname="TSuites.Base">
    <ignored/>
  </testcase> <!-- @BeforeTest setup -->
  <testcase name="@BeforeTest setup" time="0.0" classname="TSuites.Base">
    <ignored/>
  </testcase> <!-- @BeforeTest setup -->
</testsuite> <!-- Tsuites -->
